<?xml version="1.0" encoding="UTF-8"?>
<!-- Generated by org.testng.reporters.JUnitXMLReporter -->
<testsuite ignored="2" hostname="Abhijith" failures="0" tests="2" name="Surefire test" time="24.98" errors="0" timestamp="2024-08-17T12:36:26 IST">
  <testcase classname="books.TC_DWS_005_Test" name="clickOnBooks" time="1.905"/>
  <testcase classname="shoppingCart.TC_DWS_003_Test" name="addProduct" time="4.7"/>
  <testcase classname="com.tricentis.genericutility.BaseClass" name="@AfterSuite reportBackup" time="0.0">
    <ignored/>
  </testcase> <!-- @AfterSuite reportBackup -->
  <testcase classname="com.tricentis.genericutility.BaseClass" name="@BeforeSuite reportConfig" time="0.0">
    <ignored/>
  </testcase> <!-- @BeforeSuite reportConfig -->
</testsuite> <!-- Surefire test -->
