<?xml version="1.0" encoding="UTF-8"?>
<testng-results ignored="0" total="1" passed="1" failed="0" skipped="0">
  <reporter-output>
  </reporter-output>
  <suite started-at="2024-08-17T12:33:27 IST" name="Default suite" finished-at="2024-08-17T12:33:43 IST" duration-ms="15885">
    <groups>
    </groups>
    <test started-at="2024-08-17T12:33:27 IST" name="Default test" finished-at="2024-08-17T12:33:43 IST" duration-ms="15885">
      <class name="shoppingCart.TC_DWS_003_Test">
        <test-method is-config="true" signature="reportConfig()[pri:0, instance:shoppingCart.TC_DWS_003_Test@36fc695d]" started-at="2024-08-17T12:33:27 IST" name="reportConfig" finished-at="2024-08-17T12:33:27 IST" duration-ms="183" status="PASS">
          <reporter-output>
          </reporter-output>
        </test-method> <!-- reportConfig -->
        <test-method is-config="true" signature="launchBrowser(java.lang.String)[pri:0, instance:shoppingCart.TC_DWS_003_Test@36fc695d]" started-at="2024-08-17T12:33:27 IST" name="launchBrowser" finished-at="2024-08-17T12:33:32 IST" duration-ms="4416" status="PASS">
          <params>
            <param index="0">
              <value>
                <![CDATA[chrome]]>
              </value>
            </param>
          </params>
          <reporter-output>
          </reporter-output>
        </test-method> <!-- launchBrowser -->
        <test-method is-config="true" signature="login()[pri:0, instance:shoppingCart.TC_DWS_003_Test@36fc695d]" started-at="2024-08-17T12:33:32 IST" name="login" finished-at="2024-08-17T12:33:38 IST" duration-ms="5690" status="PASS">
          <reporter-output>
          </reporter-output>
        </test-method> <!-- login -->
        <test-method signature="addProduct()[pri:0, instance:shoppingCart.TC_DWS_003_Test@36fc695d]" started-at="2024-08-17T12:33:38 IST" name="addProduct" finished-at="2024-08-17T12:33:42 IST" duration-ms="4715" status="PASS">
          <reporter-output>
          </reporter-output>
        </test-method> <!-- addProduct -->
        <test-method is-config="true" signature="logout()[pri:0, instance:shoppingCart.TC_DWS_003_Test@36fc695d]" started-at="2024-08-17T12:33:42 IST" name="logout" finished-at="2024-08-17T12:33:43 IST" duration-ms="715" status="PASS">
          <reporter-output>
          </reporter-output>
        </test-method> <!-- logout -->
        <test-method is-config="true" signature="closeBrowser()[pri:0, instance:shoppingCart.TC_DWS_003_Test@36fc695d]" started-at="2024-08-17T12:33:43 IST" name="closeBrowser" finished-at="2024-08-17T12:33:43 IST" duration-ms="329" status="PASS">
          <reporter-output>
          </reporter-output>
        </test-method> <!-- closeBrowser -->
        <test-method is-config="true" signature="reportBackup()[pri:0, instance:shoppingCart.TC_DWS_003_Test@36fc695d]" started-at="2024-08-17T12:33:43 IST" name="reportBackup" finished-at="2024-08-17T12:33:44 IST" duration-ms="346" status="PASS">
          <reporter-output>
          </reporter-output>
        </test-method> <!-- reportBackup -->
      </class> <!-- shoppingCart.TC_DWS_003_Test -->
    </test> <!-- Default test -->
  </suite> <!-- Default suite -->
</testng-results>
